<?xml version="1.0" encoding="UTF-8"?>
<testsuite name="Breuktest" tests="2" skipped="0" failures="0" errors="0" timestamp="2018-06-19T10:35:37" hostname="iMac-8.local" time="0.001">
  <properties/>
  <testcase name="BreukenOptellenCheck2" classname="Breuktest" time="0.001"/>
  <testcase name="BreukenOptellenCheck" classname="Breuktest" time="0.0"/>
  <system-out><![CDATA[]]></system-out>
  <system-err><![CDATA[]]></system-err>
</testsuite>
