<?xml version="1.0" encoding="UTF-8"?>
<testsuite name="PrimeTest" tests="3" skipped="0" failures="0" errors="0" timestamp="2018-06-19T10:35:37" hostname="iMac-8.local" time="0.0">
  <properties/>
  <testcase name="SixIsNotaPrime" classname="PrimeTest" time="0.0"/>
  <testcase name="OneIsNotaPrime" classname="PrimeTest" time="0.0"/>
  <testcase name="testBlablabla" classname="PrimeTest" time="0.0"/>
  <system-out><![CDATA[]]></system-out>
  <system-err><![CDATA[]]></system-err>
</testsuite>
